============
simulating..
============
============
collecting parallel results..
============
20
0
1
2
3
4
5
6
7
8
9
10
11
12
13
14
15
16
17
18
19
============
done..
============
============
saving simulations..
============
============
identifying states..
============
============
plotting end states..
============
============
plotting summary..
============
{0.0: {'-1-twisted': 0.25523429710867396, '-2-twisted': 0.08673978065802593, '-3-twisted': 0.019940179461615155, '-4-twisted': 0.003988035892323031, '0-twisted': 0.2931206380857428, '1-twisted': 0.2213359920239282, '2-twisted': 0.09172482552342971, '3-twisted': 0.027916251246261216}, 0.5: {'-1-twisted': 0.2213359920239282, '-2-twisted': 0.08574277168494517, '-3-twisted': 0.027916251246261216, '-4-twisted': 0.004985044865403789, '0-twisted': 0.30807577268195413, '1-twisted': 0.22333000997008973, '2-twisted': 0.10767696909272183, '3-twisted': 0.020937188434695914}, 1.0: {'-1-twisted': 0.226321036889332, '-2-twisted': 0.1156530408773679, '-3-twisted': 0.0448654037886341, '-4-twisted': 0.007976071784646061, '-5-twisted': 0.0009970089730807576, '0-twisted': 0.2522432701894317, '1-twisted': 0.2053838484546361, '2-twisted': 0.10667996011964108, '3-twisted': 0.03788634097706879, '4-twisted': 0.0019940179461615153}, 1.5: {'-1-twisted': 0.20837487537387836, '-2-twisted': 0.14456630109670987, '-3-twisted': 0.04685942173479561, '-4-twisted': 0.00897308075772682, '-5-twisted': 0.0019940179461615153, '0-twisted': 0.22033898305084745, '1-twisted': 0.19641076769690927, '2-twisted': 0.10967098703888335, '3-twisted': 0.0448654037886341, '4-twisted': 0.00897308075772682, '5-twisted': 0.0019940179461615153, 'other': 0.006979062811565304}, 2.0: {'-1-twisted': 0.09072781655034895, '-2-twisted': 0.10867397806580259, '-3-twisted': 0.04187437686939183, '-4-twisted': 0.03389830508474576, '-5-twisted': 0.0029910269192422734, '-6-twisted': 0.0009970089730807576, '0-twisted': 0.0707876370887338, '1-twisted': 0.07776669990029911, '2-twisted': 0.08175473579262213, '3-twisted': 0.045862412761714856, '4-twisted': 0.027916251246261216, '5-twisted': 0.009970089730807577, 'other': 0.4067796610169492}, 2.5: {'-1-twisted': 0.040877367896311065, '-2-twisted': 0.08075772681954138, '-3-twisted': 0.0518444666001994, '-4-twisted': 0.023928215353938187, '-5-twisted': 0.007976071784646061, '-6-twisted': 0.0019940179461615153, '0-twisted': 0.045862412761714856, '1-twisted': 0.04287138584247258, '2-twisted': 0.06081754735792622, '3-twisted': 0.03788634097706879, '4-twisted': 0.023928215353938187, '5-twisted': 0.009970089730807577, 'other': 0.5712861415752741}, 3.0: {'-1-twisted': 0.022931206380857428, '-2-twisted': 0.02193419740777667, '-3-twisted': 0.03090727816550349, '-4-twisted': 0.0259222333000997, '-5-twisted': 0.010967098703888335, '0-twisted': 0.020937188434695914, '1-twisted': 0.022931206380857428, '2-twisted': 0.026919242273180457, '3-twisted': 0.018943170488534396, '4-twisted': 0.022931206380857428, '5-twisted': 0.01296111665004985, 'other': 0.7617148554336989}, 3.5: {'-1-twisted': 0.007976071784646061, '-2-twisted': 0.005982053838484547, '-3-twisted': 0.01694915254237288, '-4-twisted': 0.01694915254237288, '-5-twisted': 0.00897308075772682, '0-twisted': 0.009970089730807577, '1-twisted': 0.01296111665004985, '2-twisted': 0.009970089730807577, '3-twisted': 0.023928215353938187, '4-twisted': 0.01296111665004985, '5-twisted': 0.01296111665004985, 'other': 0.8604187437686939}, 4.0: {'-1-twisted': 0.0019940179461615153, '-2-twisted': 0.0009970089730807576, '-3-twisted': 0.009970089730807577, '-4-twisted': 0.007976071784646061, '-5-twisted': 0.006979062811565304, '0-twisted': 0.0029910269192422734, '1-twisted': 0.0029910269192422734, '2-twisted': 0.0019940179461615153, '3-twisted': 0.007976071784646061, '4-twisted': 0.009970089730807577, '5-twisted': 0.005982053838484547, 'other': 0.9401794616151545}, 4.5: {'-3-twisted': 0.004985044865403789, '-4-twisted': 0.0019940179461615153, '-5-twisted': 0.0029910269192422734, '0-twisted': 0.0019940179461615153, '1-twisted': 0.0009970089730807576, '2-twisted': 0.0009970089730807576, '3-twisted': 0.0019940179461615153, '4-twisted': 0.003988035892323031, '5-twisted': 0.003988035892323031, 'other': 0.9760717846460618}, 5.0: {'-3-twisted': 0.0009970089730807576, '-4-twisted': 0.0009970089730807576, '2-twisted': 0.0019940179461615153, '3-twisted': 0.0009970089730807576, '4-twisted': 0.0009970089730807576, 'other': 0.9940179461615155}, 5.5: {'-4-twisted': 0.0009970089730807576, '-5-twisted': 0.0019940179461615153, '2-twisted': 0.0009970089730807576, '4-twisted': 0.0029910269192422734, 'other': 0.9930209371884346}, 6.0: {'4-twisted': 0.0019940179461615153, '5-twisted': 0.0009970089730807576, 'other': 0.9970089730807578}, 6.5: {'-5-twisted': 0.0009970089730807576, '4-twisted': 0.0019940179461615153, 'other': 0.9970089730807578}, 7.0: {'-5-twisted': 0.0009970089730807576, 'other': 0.9990029910269193}, 7.5: {'1-twisted': 0.0009970089730807576, 'other': 0.9990029910269193}, 8.0: {'-3-twisted': 0.0009970089730807576, 'other': 0.9990029910269193}, 8.5: {'other': 1.0}, 9.0: {'other': 1.0}, 9.5: {'other': 1.0}, 10.0: {'other': 1.0}}
============
done..
============
Execution time: 0 days 1.0 hours 39.0 minutes 58 seconds
